23-09-2021 10:26 - NO SE AGREGO: el Número de Comprobante: B0100100000001 de tipo: FAC , porque ya se encuentra registrado en tango
23-09-2021 10:26 - NO SE AGREGO: el Número de Comprobante: B0100100000002 de tipo: FAC , porque ya se encuentra registrado en tango
23-09-2021 10:26 - NO SE AGREGO: el Número de Comprobante: B0100100000003 de tipo: FAC , porque ya se encuentra registrado en tango
23-09-2021 10:26 - NO SE AGREGO: el Número de Comprobante: B0100100000004 de tipo: FAC , porque ya se encuentra registrado en tango
23-09-2021 10:26 - NO SE AGREGO: el Número de Comprobante: B0100100000005 de tipo: FAC , porque ya se encuentra registrado en tango
23-09-2021 10:26 - NO SE AGREGO: el Número de Comprobante: B0100100000001 de tipo: N/C , porque ya se encuentra registrado en tango
23-09-2021 10:26 - NO SE AGREGO: el Número de Comprobante: B0100100000002 de tipo: N/C , porque ya se encuentra registrado en tango
23-09-2021 10:26 - NO SE AGREGO: el Número de Comprobante: B0100100000003 de tipo: N/C , porque ya se encuentra registrado en tango
23-09-2021 10:26 - NO SE AGREGO: el Número de Comprobante: B0100100000004 de tipo: N/C , porque ya se encuentra registrado en tango
23-09-2021 10:26 - NO SE AGREGO: el Número de Comprobante: B0100100000005 de tipo: N/C , porque ya se encuentra registrado en tango
23-09-2021 10:26 - No se agrego el registro: A0100100000001 de tipo: FAC , porque el talonario no existe en tango
23-09-2021 10:26 - No se agrego el registro: A0100100000001 de tipo: N/C , porque el talonario no existe en tango
23-09-2021 10:26 - NO SE AGREGO: el Número de Comprobante: B0101200000001 de tipo: FAC , porque ya se encuentra registrado en tango
23-09-2021 10:26 - NO SE AGREGO: el Número de Comprobante: B0100200000001 de tipo: FAC , porque ya se encuentra registrado en tango
23-09-2021 10:26 - NO SE AGREGO: el Número de Comprobante: B0100100000006 de tipo: FAC , porque ya se encuentra registrado en tango
23-09-2021 10:26 - NO SE AGREGO: el Número de Comprobante: B0100100000007 de tipo: FAC , porque ya se encuentra registrado en tango
23-09-2021 10:26 - NO SE AGREGO: el Número de Comprobante: A0100100000002 de tipo: FAC , porque ya se encuentra registrado en tango
23-09-2021 10:26 - No se agrego el registro: A0100100000003 de tipo: FAC , porque el talonario no existe en tango
23-09-2021 10:26 - No se agrego el registro: A0100100000002 de tipo: N/C , porque el talonario no existe en tango
23-09-2021 10:26 - NO SE AGREGO: el Número de Comprobante: A0100100000003 de tipo: N/C , porque ya se encuentra registrado en tango
23-09-2021 10:26 - NO SE AGREGO: el Número de Comprobante: B0100100000006 de tipo: N/C , porque ya se encuentra registrado en tango
23-09-2021 10:26 - NO SE AGREGO: el Número de Comprobante: B0100100000007 de tipo: N/C , porque ya se encuentra registrado en tango
23-09-2021 10:26 - NO SE AGREGO: el Número de Comprobante: B0100100000008 de tipo: FAC , porque ya se encuentra registrado en tango
23-09-2021 10:26 - NO SE AGREGO: el Número de Comprobante: B0100100000008 de tipo: N/C , porque ya se encuentra registrado en tango
23-09-2021 10:26 - NO SE AGREGO: el Número de Comprobante: B0100200000002 de tipo: FAC , porque ya se encuentra registrado en tango
23-09-2021 10:26 - NO SE AGREGO: el Número de Comprobante: B0100200000001 de tipo: N/C , porque ya se encuentra registrado en tango
23-09-2021 10:26 - NO SE AGREGO: el Número de Comprobante: B0101400000001 de tipo: FAC , porque ya se encuentra registrado en tango
23-09-2021 10:26 - NO SE AGREGO: el Número de Comprobante: B0101400000001 de tipo: N/C , porque ya se encuentra registrado en tango
23-09-2021 10:26 - NO SE AGREGO: el Número de Comprobante: B0101200000002 de tipo: FAC , porque ya se encuentra registrado en tango
23-09-2021 10:26 - NO SE AGREGO: el Número de Comprobante: B0101200000001 de tipo: N/C , porque ya se encuentra registrado en tango
23-09-2021 10:26 - NO SE AGREGO: el Número de Comprobante: B0100000000001 de tipo: FAC , porque ya se encuentra registrado en tango
23-09-2021 10:26 - NO SE AGREGO: el Número de Comprobante: B0100000000001 de tipo: N/C , porque ya se encuentra registrado en tango
23-09-2021 10:28 - NO SE AGREGO: el Número de Comprobante: B0100100000001 de tipo: FAC , porque ya se encuentra registrado en tango
23-09-2021 10:28 - NO SE AGREGO: el Número de Comprobante: B0100100000002 de tipo: FAC , porque ya se encuentra registrado en tango
23-09-2021 10:28 - NO SE AGREGO: el Número de Comprobante: B0100100000003 de tipo: FAC , porque ya se encuentra registrado en tango
23-09-2021 10:28 - NO SE AGREGO: el Número de Comprobante: B0100100000004 de tipo: FAC , porque ya se encuentra registrado en tango
23-09-2021 10:28 - NO SE AGREGO: el Número de Comprobante: B0100100000005 de tipo: FAC , porque ya se encuentra registrado en tango
23-09-2021 10:28 - NO SE AGREGO: el Número de Comprobante: B0100100000001 de tipo: N/C , porque ya se encuentra registrado en tango
23-09-2021 10:28 - NO SE AGREGO: el Número de Comprobante: B0100100000002 de tipo: N/C , porque ya se encuentra registrado en tango
23-09-2021 10:28 - NO SE AGREGO: el Número de Comprobante: B0100100000003 de tipo: N/C , porque ya se encuentra registrado en tango
23-09-2021 10:28 - NO SE AGREGO: el Número de Comprobante: B0100100000004 de tipo: N/C , porque ya se encuentra registrado en tango
23-09-2021 10:28 - NO SE AGREGO: el Número de Comprobante: B0100100000005 de tipo: N/C , porque ya se encuentra registrado en tango
23-09-2021 10:28 - No se agrego el registro: A0100100000001 de tipo: FAC , porque el talonario no existe en tango
23-09-2021 10:28 - No se agrego el registro: A0100100000001 de tipo: N/C , porque el talonario no existe en tango
23-09-2021 10:28 - NO SE AGREGO: el Número de Comprobante: B0101200000001 de tipo: FAC , porque ya se encuentra registrado en tango
23-09-2021 10:28 - NO SE AGREGO: el Número de Comprobante: B0100200000001 de tipo: FAC , porque ya se encuentra registrado en tango
23-09-2021 10:28 - NO SE AGREGO: el Número de Comprobante: B0100100000006 de tipo: FAC , porque ya se encuentra registrado en tango
23-09-2021 10:28 - NO SE AGREGO: el Número de Comprobante: B0100100000007 de tipo: FAC , porque ya se encuentra registrado en tango
23-09-2021 10:28 - NO SE AGREGO: el Número de Comprobante: A0100100000002 de tipo: FAC , porque ya se encuentra registrado en tango
23-09-2021 10:28 - No se agrego el registro: A0100100000003 de tipo: FAC , porque el talonario no existe en tango
23-09-2021 10:28 - No se agrego el registro: A0100100000002 de tipo: N/C , porque el talonario no existe en tango
23-09-2021 10:28 - NO SE AGREGO: el Número de Comprobante: A0100100000003 de tipo: N/C , porque ya se encuentra registrado en tango
23-09-2021 10:28 - NO SE AGREGO: el Número de Comprobante: B0100100000006 de tipo: N/C , porque ya se encuentra registrado en tango
23-09-2021 10:28 - NO SE AGREGO: el Número de Comprobante: B0100100000007 de tipo: N/C , porque ya se encuentra registrado en tango
23-09-2021 10:28 - NO SE AGREGO: el Número de Comprobante: B0100100000008 de tipo: FAC , porque ya se encuentra registrado en tango
23-09-2021 10:28 - NO SE AGREGO: el Número de Comprobante: B0100100000008 de tipo: N/C , porque ya se encuentra registrado en tango
23-09-2021 10:28 - NO SE AGREGO: el Número de Comprobante: B0100200000002 de tipo: FAC , porque ya se encuentra registrado en tango
23-09-2021 10:28 - NO SE AGREGO: el Número de Comprobante: B0100200000001 de tipo: N/C , porque ya se encuentra registrado en tango
23-09-2021 10:28 - NO SE AGREGO: el Número de Comprobante: B0101400000001 de tipo: FAC , porque ya se encuentra registrado en tango
23-09-2021 10:28 - NO SE AGREGO: el Número de Comprobante: B0101400000001 de tipo: N/C , porque ya se encuentra registrado en tango
23-09-2021 10:28 - NO SE AGREGO: el Número de Comprobante: B0101200000002 de tipo: FAC , porque ya se encuentra registrado en tango
23-09-2021 10:28 - NO SE AGREGO: el Número de Comprobante: B0101200000001 de tipo: N/C , porque ya se encuentra registrado en tango
23-09-2021 10:28 - NO SE AGREGO: el Número de Comprobante: B0100000000001 de tipo: FAC , porque ya se encuentra registrado en tango
23-09-2021 10:28 - NO SE AGREGO: el Número de Comprobante: B0100000000001 de tipo: N/C , porque ya se encuentra registrado en tango
